{"/home/trindaniel/Documents/Gobarber/mobile/src/components/Button/index.tsx": {"path":"/home/trindaniel/Documents/Gobarber/mobile/src/components/Button/index.tsx","statementMap":{"0":{"start":{"line":9,"column":38},"end":{"line":15,"column":1}},"1":{"start":{"line":10,"column":2},"end":{"line":14,"column":4}}},"fnMap":{"0":{"name":"(anonymous_0)","decl":{"start":{"line":9,"column":38},"end":{"line":9,"column":39}},"loc":{"start":{"line":9,"column":65},"end":{"line":15,"column":1}},"line":9}},"branchMap":{},"s":{"0":1,"1":1},"f":{"0":1},"b":{},"_coverageSchema":"1a1c01bbd47fc00a2c39e90264f33305004495a9","hash":"5e460f504e45f71c6bea63b310c03a733588851f"}
,"/home/trindaniel/Documents/Gobarber/mobile/src/components/Input/index.tsx": {"path":"/home/trindaniel/Documents/Gobarber/mobile/src/components/Input/index.tsx","statementMap":{"0":{"start":{"line":24,"column":66},"end":{"line":84,"column":1}},"1":{"start":{"line":28,"column":27},"end":{"line":28,"column":44}},"2":{"start":{"line":29,"column":34},"end":{"line":29,"column":49}},"3":{"start":{"line":30,"column":32},"end":{"line":30,"column":47}},"4":{"start":{"line":31,"column":65},"end":{"line":31,"column":79}},"5":{"start":{"line":32,"column":24},"end":{"line":32,"column":76}},"6":{"start":{"line":33,"column":2},"end":{"line":37,"column":6}},"7":{"start":{"line":33,"column":34},"end":{"line":37,"column":3}},"8":{"start":{"line":35,"column":6},"end":{"line":35,"column":39}},"9":{"start":{"line":39,"column":2},"end":{"line":53,"column":33}},"10":{"start":{"line":40,"column":4},"end":{"line":52,"column":7}},"11":{"start":{"line":45,"column":8},"end":{"line":45,"column":44}},"12":{"start":{"line":46,"column":8},"end":{"line":46,"column":65}},"13":{"start":{"line":49,"column":8},"end":{"line":49,"column":41}},"14":{"start":{"line":50,"column":8},"end":{"line":50,"column":41}},"15":{"start":{"line":55,"column":27},"end":{"line":57,"column":8}},"16":{"start":{"line":56,"column":4},"end":{"line":56,"column":21}},"17":{"start":{"line":59,"column":26},"end":{"line":62,"column":8}},"18":{"start":{"line":60,"column":4},"end":{"line":60,"column":22}},"19":{"start":{"line":61,"column":4},"end":{"line":61,"column":45}},"20":{"start":{"line":63,"column":2},"end":{"line":83,"column":4}},"21":{"start":{"line":76,"column":10},"end":{"line":76,"column":46}}},"fnMap":{"0":{"name":"(anonymous_0)","decl":{"start":{"line":24,"column":66},"end":{"line":24,"column":67}},"loc":{"start":{"line":27,"column":5},"end":{"line":84,"column":1}},"line":27},"1":{"name":"(anonymous_1)","decl":{"start":{"line":33,"column":27},"end":{"line":33,"column":28}},"loc":{"start":{"line":33,"column":34},"end":{"line":37,"column":3}},"line":33},"2":{"name":"(anonymous_2)","decl":{"start":{"line":34,"column":4},"end":{"line":34,"column":5}},"loc":{"start":{"line":34,"column":12},"end":{"line":36,"column":5}},"line":34},"3":{"name":"(anonymous_3)","decl":{"start":{"line":39,"column":12},"end":{"line":39,"column":13}},"loc":{"start":{"line":39,"column":18},"end":{"line":53,"column":3}},"line":39},"4":{"name":"(anonymous_4)","decl":{"start":{"line":44,"column":6},"end":{"line":44,"column":7}},"loc":{"start":{"line":44,"column":32},"end":{"line":47,"column":7}},"line":44},"5":{"name":"(anonymous_5)","decl":{"start":{"line":48,"column":6},"end":{"line":48,"column":7}},"loc":{"start":{"line":48,"column":19},"end":{"line":51,"column":7}},"line":48},"6":{"name":"(anonymous_6)","decl":{"start":{"line":55,"column":39},"end":{"line":55,"column":40}},"loc":{"start":{"line":55,"column":45},"end":{"line":57,"column":3}},"line":55},"7":{"name":"(anonymous_7)","decl":{"start":{"line":59,"column":38},"end":{"line":59,"column":39}},"loc":{"start":{"line":59,"column":44},"end":{"line":62,"column":3}},"line":59},"8":{"name":"(anonymous_8)","decl":{"start":{"line":75,"column":22},"end":{"line":75,"column":23}},"loc":{"start":{"line":75,"column":33},"end":{"line":77,"column":9}},"line":75}},"branchMap":{"0":{"loc":{"start":{"line":25,"column":16},"end":{"line":25,"column":35}},"type":"default-arg","locations":[{"start":{"line":25,"column":33},"end":{"line":25,"column":35}}],"line":25},"1":{"loc":{"start":{"line":31,"column":21},"end":{"line":31,"column":38}},"type":"default-arg","locations":[{"start":{"line":31,"column":36},"end":{"line":31,"column":38}}],"line":31},"2":{"loc":{"start":{"line":68,"column":15},"end":{"line":68,"column":60}},"type":"cond-expr","locations":[{"start":{"line":68,"column":39},"end":{"line":68,"column":48}},{"start":{"line":68,"column":51},"end":{"line":68,"column":60}}],"line":68},"3":{"loc":{"start":{"line":68,"column":15},"end":{"line":68,"column":36}},"type":"binary-expr","locations":[{"start":{"line":68,"column":15},"end":{"line":68,"column":24}},{"start":{"line":68,"column":28},"end":{"line":68,"column":36}}],"line":68}},"s":{"0":1,"1":2,"2":2,"3":2,"4":2,"5":2,"6":2,"7":1,"8":0,"9":2,"10":2,"11":0,"12":0,"13":0,"14":0,"15":2,"16":0,"17":2,"18":0,"19":0,"20":2,"21":0},"f":{"0":2,"1":1,"2":0,"3":2,"4":0,"5":0,"6":0,"7":0,"8":0},"b":{"0":[2],"1":[2],"2":[0,2],"3":[2,2]},"_coverageSchema":"1a1c01bbd47fc00a2c39e90264f33305004495a9","hash":"df300f57855b8f14e7821bdf2c4150de26e7fbcf"}
,"/home/trindaniel/Documents/Gobarber/mobile/src/hooks/auth.tsx": {"path":"/home/trindaniel/Documents/Gobarber/mobile/src/hooks/auth.tsx","statementMap":{"0":{"start":{"line":34,"column":20},"end":{"line":34,"column":73}},"1":{"start":{"line":35,"column":38},"end":{"line":89,"column":1}},"2":{"start":{"line":36,"column":26},"end":{"line":36,"column":62}},"3":{"start":{"line":37,"column":32},"end":{"line":37,"column":46}},"4":{"start":{"line":39,"column":2},"end":{"line":52,"column":9}},"5":{"start":{"line":41,"column":28},"end":{"line":44,"column":8}},"6":{"start":{"line":45,"column":6},"end":{"line":48,"column":7}},"7":{"start":{"line":46,"column":8},"end":{"line":46,"column":66}},"8":{"start":{"line":47,"column":8},"end":{"line":47,"column":64}},"9":{"start":{"line":49,"column":6},"end":{"line":49,"column":24}},"10":{"start":{"line":51,"column":4},"end":{"line":51,"column":22}},"11":{"start":{"line":54,"column":17},"end":{"line":66,"column":8}},"12":{"start":{"line":55,"column":21},"end":{"line":58,"column":6}},"13":{"start":{"line":59,"column":28},"end":{"line":59,"column":41}},"14":{"start":{"line":60,"column":4},"end":{"line":63,"column":7}},"15":{"start":{"line":64,"column":4},"end":{"line":64,"column":59}},"16":{"start":{"line":65,"column":4},"end":{"line":65,"column":29}},"17":{"start":{"line":68,"column":18},"end":{"line":71,"column":8}},"18":{"start":{"line":69,"column":4},"end":{"line":69,"column":73}},"19":{"start":{"line":70,"column":4},"end":{"line":70,"column":29}},"20":{"start":{"line":72,"column":21},"end":{"line":81,"column":3}},"21":{"start":{"line":74,"column":6},"end":{"line":74,"column":73}},"22":{"start":{"line":75,"column":6},"end":{"line":78,"column":9}},"23":{"start":{"line":82,"column":2},"end":{"line":88,"column":4}},"24":{"start":{"line":92,"column":18},"end":{"line":92,"column":41}},"25":{"start":{"line":93,"column":2},"end":{"line":95,"column":3}},"26":{"start":{"line":94,"column":4},"end":{"line":94,"column":68}},"27":{"start":{"line":96,"column":2},"end":{"line":96,"column":17}}},"fnMap":{"0":{"name":"(anonymous_0)","decl":{"start":{"line":35,"column":38},"end":{"line":35,"column":39}},"loc":{"start":{"line":35,"column":56},"end":{"line":89,"column":1}},"line":35},"1":{"name":"(anonymous_1)","decl":{"start":{"line":39,"column":12},"end":{"line":39,"column":13}},"loc":{"start":{"line":39,"column":18},"end":{"line":52,"column":3}},"line":39},"2":{"name":"loadStorageData","decl":{"start":{"line":40,"column":19},"end":{"line":40,"column":34}},"loc":{"start":{"line":40,"column":52},"end":{"line":50,"column":5}},"line":40},"3":{"name":"(anonymous_3)","decl":{"start":{"line":54,"column":29},"end":{"line":54,"column":30}},"loc":{"start":{"line":54,"column":60},"end":{"line":66,"column":3}},"line":54},"4":{"name":"(anonymous_4)","decl":{"start":{"line":68,"column":30},"end":{"line":68,"column":31}},"loc":{"start":{"line":68,"column":42},"end":{"line":71,"column":3}},"line":68},"5":{"name":"(anonymous_5)","decl":{"start":{"line":73,"column":4},"end":{"line":73,"column":5}},"loc":{"start":{"line":73,"column":26},"end":{"line":79,"column":5}},"line":73},"6":{"name":"useAuth","decl":{"start":{"line":91,"column":16},"end":{"line":91,"column":23}},"loc":{"start":{"line":91,"column":43},"end":{"line":97,"column":1}},"line":91}},"branchMap":{"0":{"loc":{"start":{"line":45,"column":6},"end":{"line":48,"column":7}},"type":"if","locations":[{"start":{"line":45,"column":6},"end":{"line":48,"column":7}},{"start":{"line":45,"column":6},"end":{"line":48,"column":7}}],"line":45},"1":{"loc":{"start":{"line":45,"column":10},"end":{"line":45,"column":29}},"type":"binary-expr","locations":[{"start":{"line":45,"column":10},"end":{"line":45,"column":18}},{"start":{"line":45,"column":22},"end":{"line":45,"column":29}}],"line":45},"2":{"loc":{"start":{"line":93,"column":2},"end":{"line":95,"column":3}},"type":"if","locations":[{"start":{"line":93,"column":2},"end":{"line":95,"column":3}},{"start":{"line":93,"column":2},"end":{"line":95,"column":3}}],"line":93}},"s":{"0":1,"1":1,"2":0,"3":0,"4":0,"5":0,"6":0,"7":0,"8":0,"9":0,"10":0,"11":0,"12":0,"13":0,"14":0,"15":0,"16":0,"17":0,"18":0,"19":0,"20":0,"21":0,"22":0,"23":0,"24":1,"25":1,"26":0,"27":1},"f":{"0":0,"1":0,"2":0,"3":0,"4":0,"5":0,"6":1},"b":{"0":[0,0],"1":[0,0],"2":[0,1]},"_coverageSchema":"1a1c01bbd47fc00a2c39e90264f33305004495a9","hash":"1191c4ec82ae3fcb08e96a1b16486c95b48e02d5"}
,"/home/trindaniel/Documents/Gobarber/mobile/src/pages/AppointmentCreated/index.tsx": {"path":"/home/trindaniel/Documents/Gobarber/mobile/src/pages/AppointmentCreated/index.tsx","statementMap":{"0":{"start":{"line":17,"column":37},"end":{"line":50,"column":1}},"1":{"start":{"line":18,"column":20},"end":{"line":18,"column":35}},"2":{"start":{"line":19,"column":21},"end":{"line":19,"column":31}},"3":{"start":{"line":20,"column":22},"end":{"line":20,"column":43}},"4":{"start":{"line":21,"column":24},"end":{"line":29,"column":24}},"5":{"start":{"line":22,"column":4},"end":{"line":28,"column":6}},"6":{"start":{"line":30,"column":24},"end":{"line":39,"column":13}},"7":{"start":{"line":31,"column":4},"end":{"line":38,"column":7}},"8":{"start":{"line":40,"column":2},"end":{"line":49,"column":4}}},"fnMap":{"0":{"name":"(anonymous_0)","decl":{"start":{"line":17,"column":37},"end":{"line":17,"column":38}},"loc":{"start":{"line":17,"column":43},"end":{"line":50,"column":1}},"line":17},"1":{"name":"(anonymous_1)","decl":{"start":{"line":21,"column":32},"end":{"line":21,"column":33}},"loc":{"start":{"line":21,"column":38},"end":{"line":29,"column":3}},"line":21},"2":{"name":"(anonymous_2)","decl":{"start":{"line":30,"column":36},"end":{"line":30,"column":37}},"loc":{"start":{"line":30,"column":42},"end":{"line":39,"column":3}},"line":30}},"branchMap":{},"s":{"0":0,"1":0,"2":0,"3":0,"4":0,"5":0,"6":0,"7":0,"8":0},"f":{"0":0,"1":0,"2":0},"b":{}}
,"/home/trindaniel/Documents/Gobarber/mobile/src/pages/CreateAppointment/index.tsx": {"path":"/home/trindaniel/Documents/Gobarber/mobile/src/pages/CreateAppointment/index.tsx","statementMap":{"0":{"start":{"line":50,"column":36},"end":{"line":246,"column":1}},"1":{"start":{"line":51,"column":19},"end":{"line":51,"column":28}},"2":{"start":{"line":52,"column":16},"end":{"line":52,"column":26}},"3":{"start":{"line":53,"column":22},"end":{"line":53,"column":49}},"4":{"start":{"line":54,"column":31},"end":{"line":54,"column":46}},"5":{"start":{"line":55,"column":23},"end":{"line":57,"column":14}},"6":{"start":{"line":56,"column":4},"end":{"line":56,"column":13}},"7":{"start":{"line":58,"column":42},"end":{"line":58,"column":74}},"8":{"start":{"line":59,"column":46},"end":{"line":59,"column":61}},"9":{"start":{"line":60,"column":42},"end":{"line":60,"column":62}},"10":{"start":{"line":61,"column":42},"end":{"line":61,"column":53}},"11":{"start":{"line":62,"column":36},"end":{"line":62,"column":60}},"12":{"start":{"line":63,"column":50},"end":{"line":65,"column":3}},"13":{"start":{"line":66,"column":31},"end":{"line":68,"column":8}},"14":{"start":{"line":67,"column":4},"end":{"line":67,"column":36}},"15":{"start":{"line":70,"column":33},"end":{"line":72,"column":8}},"16":{"start":{"line":71,"column":4},"end":{"line":71,"column":41}},"17":{"start":{"line":71,"column":33},"end":{"line":71,"column":39}},"18":{"start":{"line":74,"column":27},"end":{"line":81,"column":8}},"19":{"start":{"line":75,"column":4},"end":{"line":77,"column":5}},"20":{"start":{"line":76,"column":6},"end":{"line":76,"column":31}},"21":{"start":{"line":78,"column":4},"end":{"line":80,"column":5}},"22":{"start":{"line":79,"column":6},"end":{"line":79,"column":28}},"23":{"start":{"line":82,"column":2},"end":{"line":92,"column":39}},"24":{"start":{"line":83,"column":4},"end":{"line":91,"column":58}},"25":{"start":{"line":91,"column":26},"end":{"line":91,"column":56}},"26":{"start":{"line":94,"column":2},"end":{"line":98,"column":9}},"27":{"start":{"line":95,"column":4},"end":{"line":97,"column":7}},"28":{"start":{"line":96,"column":6},"end":{"line":96,"column":34}},"29":{"start":{"line":100,"column":29},"end":{"line":110,"column":20}},"30":{"start":{"line":101,"column":4},"end":{"line":109,"column":9}},"31":{"start":{"line":102,"column":28},"end":{"line":102,"column":37}},"32":{"start":{"line":104,"column":8},"end":{"line":108,"column":10}},"33":{"start":{"line":112,"column":32},"end":{"line":122,"column":20}},"34":{"start":{"line":113,"column":4},"end":{"line":121,"column":9}},"35":{"start":{"line":114,"column":28},"end":{"line":114,"column":38}},"36":{"start":{"line":116,"column":8},"end":{"line":120,"column":10}},"37":{"start":{"line":124,"column":27},"end":{"line":126,"column":8}},"38":{"start":{"line":125,"column":4},"end":{"line":125,"column":26}},"39":{"start":{"line":128,"column":34},"end":{"line":146,"column":62}},"40":{"start":{"line":129,"column":4},"end":{"line":145,"column":5}},"41":{"start":{"line":130,"column":19},"end":{"line":130,"column":41}},"42":{"start":{"line":131,"column":6},"end":{"line":131,"column":34}},"43":{"start":{"line":132,"column":6},"end":{"line":132,"column":25}},"44":{"start":{"line":134,"column":6},"end":{"line":137,"column":9}},"45":{"start":{"line":139,"column":6},"end":{"line":139,"column":63}},"46":{"start":{"line":141,"column":6},"end":{"line":144,"column":8}},"47":{"start":{"line":148,"column":2},"end":{"line":245,"column":4}},"48":{"start":{"line":162,"column":40},"end":{"line":162,"column":51}},"49":{"start":{"line":164,"column":14},"end":{"line":172,"column":34}},"50":{"start":{"line":165,"column":31},"end":{"line":165,"column":64}},"51":{"start":{"line":197,"column":16},"end":{"line":211,"column":18}},"52":{"start":{"line":204,"column":22},"end":{"line":204,"column":45}},"53":{"start":{"line":220,"column":18},"end":{"line":234,"column":20}},"54":{"start":{"line":227,"column":24},"end":{"line":227,"column":47}}},"fnMap":{"0":{"name":"(anonymous_0)","decl":{"start":{"line":50,"column":36},"end":{"line":50,"column":37}},"loc":{"start":{"line":50,"column":42},"end":{"line":246,"column":1}},"line":50},"1":{"name":"(anonymous_1)","decl":{"start":{"line":55,"column":35},"end":{"line":55,"column":36}},"loc":{"start":{"line":55,"column":41},"end":{"line":57,"column":3}},"line":55},"2":{"name":"(anonymous_2)","decl":{"start":{"line":66,"column":43},"end":{"line":66,"column":44}},"loc":{"start":{"line":66,"column":67},"end":{"line":68,"column":3}},"line":66},"3":{"name":"(anonymous_3)","decl":{"start":{"line":70,"column":45},"end":{"line":70,"column":46}},"loc":{"start":{"line":70,"column":51},"end":{"line":72,"column":3}},"line":70},"4":{"name":"(anonymous_4)","decl":{"start":{"line":71,"column":22},"end":{"line":71,"column":23}},"loc":{"start":{"line":71,"column":33},"end":{"line":71,"column":39}},"line":71},"5":{"name":"(anonymous_5)","decl":{"start":{"line":74,"column":39},"end":{"line":74,"column":40}},"loc":{"start":{"line":74,"column":79},"end":{"line":81,"column":3}},"line":74},"6":{"name":"(anonymous_6)","decl":{"start":{"line":82,"column":12},"end":{"line":82,"column":13}},"loc":{"start":{"line":82,"column":18},"end":{"line":92,"column":3}},"line":82},"7":{"name":"(anonymous_7)","decl":{"start":{"line":91,"column":12},"end":{"line":91,"column":13}},"loc":{"start":{"line":91,"column":26},"end":{"line":91,"column":56}},"line":91},"8":{"name":"(anonymous_8)","decl":{"start":{"line":94,"column":12},"end":{"line":94,"column":13}},"loc":{"start":{"line":94,"column":18},"end":{"line":98,"column":3}},"line":94},"9":{"name":"(anonymous_9)","decl":{"start":{"line":95,"column":31},"end":{"line":95,"column":32}},"loc":{"start":{"line":95,"column":45},"end":{"line":97,"column":5}},"line":95},"10":{"name":"(anonymous_10)","decl":{"start":{"line":100,"column":37},"end":{"line":100,"column":38}},"loc":{"start":{"line":100,"column":43},"end":{"line":110,"column":3}},"line":100},"11":{"name":"(anonymous_11)","decl":{"start":{"line":102,"column":14},"end":{"line":102,"column":15}},"loc":{"start":{"line":102,"column":28},"end":{"line":102,"column":37}},"line":102},"12":{"name":"(anonymous_12)","decl":{"start":{"line":103,"column":11},"end":{"line":103,"column":12}},"loc":{"start":{"line":103,"column":36},"end":{"line":109,"column":7}},"line":103},"13":{"name":"(anonymous_13)","decl":{"start":{"line":112,"column":40},"end":{"line":112,"column":41}},"loc":{"start":{"line":112,"column":46},"end":{"line":122,"column":3}},"line":112},"14":{"name":"(anonymous_14)","decl":{"start":{"line":114,"column":14},"end":{"line":114,"column":15}},"loc":{"start":{"line":114,"column":28},"end":{"line":114,"column":38}},"line":114},"15":{"name":"(anonymous_15)","decl":{"start":{"line":115,"column":11},"end":{"line":115,"column":12}},"loc":{"start":{"line":115,"column":36},"end":{"line":121,"column":7}},"line":115},"16":{"name":"(anonymous_16)","decl":{"start":{"line":124,"column":39},"end":{"line":124,"column":40}},"loc":{"start":{"line":124,"column":57},"end":{"line":126,"column":3}},"line":124},"17":{"name":"(anonymous_17)","decl":{"start":{"line":128,"column":46},"end":{"line":128,"column":47}},"loc":{"start":{"line":128,"column":58},"end":{"line":146,"column":3}},"line":128},"18":{"name":"(anonymous_18)","decl":{"start":{"line":162,"column":26},"end":{"line":162,"column":27}},"loc":{"start":{"line":162,"column":40},"end":{"line":162,"column":51}},"line":162},"19":{"name":"(anonymous_19)","decl":{"start":{"line":163,"column":24},"end":{"line":163,"column":25}},"loc":{"start":{"line":164,"column":14},"end":{"line":172,"column":34}},"line":164},"20":{"name":"(anonymous_20)","decl":{"start":{"line":165,"column":25},"end":{"line":165,"column":26}},"loc":{"start":{"line":165,"column":31},"end":{"line":165,"column":64}},"line":165},"21":{"name":"(anonymous_21)","decl":{"start":{"line":196,"column":38},"end":{"line":196,"column":39}},"loc":{"start":{"line":196,"column":77},"end":{"line":212,"column":15}},"line":196},"22":{"name":"(anonymous_22)","decl":{"start":{"line":203,"column":29},"end":{"line":203,"column":30}},"loc":{"start":{"line":203,"column":35},"end":{"line":205,"column":21}},"line":203},"23":{"name":"(anonymous_23)","decl":{"start":{"line":219,"column":16},"end":{"line":219,"column":17}},"loc":{"start":{"line":219,"column":55},"end":{"line":235,"column":17}},"line":219},"24":{"name":"(anonymous_24)","decl":{"start":{"line":226,"column":31},"end":{"line":226,"column":32}},"loc":{"start":{"line":226,"column":37},"end":{"line":228,"column":23}},"line":226}},"branchMap":{"0":{"loc":{"start":{"line":75,"column":4},"end":{"line":77,"column":5}},"type":"if","locations":[{"start":{"line":75,"column":4},"end":{"line":77,"column":5}},{"start":{"line":75,"column":4},"end":{"line":77,"column":5}}],"line":75},"1":{"loc":{"start":{"line":78,"column":4},"end":{"line":80,"column":5}},"type":"if","locations":[{"start":{"line":78,"column":4},"end":{"line":80,"column":5}},{"start":{"line":78,"column":4},"end":{"line":80,"column":5}}],"line":78},"2":{"loc":{"start":{"line":181,"column":11},"end":{"line":189,"column":11}},"type":"binary-expr","locations":[{"start":{"line":181,"column":11},"end":{"line":181,"column":25}},{"start":{"line":182,"column":12},"end":{"line":188,"column":14}}],"line":181}},"s":{"0":0,"1":0,"2":0,"3":0,"4":0,"5":0,"6":0,"7":0,"8":0,"9":0,"10":0,"11":0,"12":0,"13":0,"14":0,"15":0,"16":0,"17":0,"18":0,"19":0,"20":0,"21":0,"22":0,"23":0,"24":0,"25":0,"26":0,"27":0,"28":0,"29":0,"30":0,"31":0,"32":0,"33":0,"34":0,"35":0,"36":0,"37":0,"38":0,"39":0,"40":0,"41":0,"42":0,"43":0,"44":0,"45":0,"46":0,"47":0,"48":0,"49":0,"50":0,"51":0,"52":0,"53":0,"54":0},"f":{"0":0,"1":0,"2":0,"3":0,"4":0,"5":0,"6":0,"7":0,"8":0,"9":0,"10":0,"11":0,"12":0,"13":0,"14":0,"15":0,"16":0,"17":0,"18":0,"19":0,"20":0,"21":0,"22":0,"23":0,"24":0},"b":{"0":[0,0],"1":[0,0],"2":[0,0]}}
,"/home/trindaniel/Documents/Gobarber/mobile/src/pages/Dashboard/index.tsx": {"path":"/home/trindaniel/Documents/Gobarber/mobile/src/pages/Dashboard/index.tsx","statementMap":{"0":{"start":{"line":30,"column":28},"end":{"line":89,"column":1}},"1":{"start":{"line":31,"column":19},"end":{"line":31,"column":28}},"2":{"start":{"line":32,"column":23},"end":{"line":32,"column":38}},"3":{"start":{"line":33,"column":36},"end":{"line":33,"column":60}},"4":{"start":{"line":35,"column":28},"end":{"line":37,"column":16}},"5":{"start":{"line":36,"column":4},"end":{"line":36,"column":24}},"6":{"start":{"line":39,"column":38},"end":{"line":44,"column":3}},"7":{"start":{"line":41,"column":6},"end":{"line":41,"column":52}},"8":{"start":{"line":46,"column":2},"end":{"line":48,"column":9}},"9":{"start":{"line":47,"column":4},"end":{"line":47,"column":74}},"10":{"start":{"line":47,"column":45},"end":{"line":47,"column":72}},"11":{"start":{"line":50,"column":2},"end":{"line":88,"column":4}},"12":{"start":{"line":66,"column":36},"end":{"line":66,"column":47}},"13":{"start":{"line":68,"column":10},"end":{"line":84,"column":30}},"14":{"start":{"line":69,"column":27},"end":{"line":69,"column":67}}},"fnMap":{"0":{"name":"(anonymous_0)","decl":{"start":{"line":30,"column":28},"end":{"line":30,"column":29}},"loc":{"start":{"line":30,"column":34},"end":{"line":89,"column":1}},"line":30},"1":{"name":"(anonymous_1)","decl":{"start":{"line":35,"column":40},"end":{"line":35,"column":41}},"loc":{"start":{"line":35,"column":46},"end":{"line":37,"column":3}},"line":35},"2":{"name":"(anonymous_2)","decl":{"start":{"line":40,"column":4},"end":{"line":40,"column":5}},"loc":{"start":{"line":40,"column":28},"end":{"line":42,"column":5}},"line":40},"3":{"name":"(anonymous_3)","decl":{"start":{"line":46,"column":12},"end":{"line":46,"column":13}},"loc":{"start":{"line":46,"column":18},"end":{"line":48,"column":3}},"line":46},"4":{"name":"(anonymous_4)","decl":{"start":{"line":47,"column":31},"end":{"line":47,"column":32}},"loc":{"start":{"line":47,"column":45},"end":{"line":47,"column":72}},"line":47},"5":{"name":"(anonymous_5)","decl":{"start":{"line":66,"column":22},"end":{"line":66,"column":23}},"loc":{"start":{"line":66,"column":36},"end":{"line":66,"column":47}},"line":66},"6":{"name":"(anonymous_6)","decl":{"start":{"line":67,"column":20},"end":{"line":67,"column":21}},"loc":{"start":{"line":68,"column":10},"end":{"line":84,"column":30}},"line":68},"7":{"name":"(anonymous_7)","decl":{"start":{"line":69,"column":21},"end":{"line":69,"column":22}},"loc":{"start":{"line":69,"column":27},"end":{"line":69,"column":67}},"line":69}},"branchMap":{},"s":{"0":0,"1":0,"2":0,"3":0,"4":0,"5":0,"6":0,"7":0,"8":0,"9":0,"10":0,"11":0,"12":0,"13":0,"14":0},"f":{"0":0,"1":0,"2":0,"3":0,"4":0,"5":0,"6":0,"7":0},"b":{}}
,"/home/trindaniel/Documents/Gobarber/mobile/src/pages/Profile/index.tsx": {"path":"/home/trindaniel/Documents/Gobarber/mobile/src/pages/Profile/index.tsx","statementMap":{"0":{"start":{"line":39,"column":26},"end":{"line":235,"column":1}},"1":{"start":{"line":40,"column":21},"end":{"line":40,"column":36}},"2":{"start":{"line":41,"column":40},"end":{"line":41,"column":49}},"3":{"start":{"line":43,"column":18},"end":{"line":43,"column":43}},"4":{"start":{"line":45,"column":24},"end":{"line":45,"column":47}},"5":{"start":{"line":46,"column":27},"end":{"line":46,"column":50}},"6":{"start":{"line":47,"column":30},"end":{"line":47,"column":53}},"7":{"start":{"line":48,"column":34},"end":{"line":48,"column":57}},"8":{"start":{"line":49,"column":30},"end":{"line":104,"column":3}},"9":{"start":{"line":51,"column":6},"end":{"line":101,"column":7}},"10":{"start":{"line":52,"column":8},"end":{"line":52,"column":39}},"11":{"start":{"line":53,"column":23},"end":{"line":71,"column":10}},"12":{"start":{"line":60,"column":25},"end":{"line":60,"column":37}},"13":{"start":{"line":66,"column":27},"end":{"line":66,"column":39}},"14":{"start":{"line":72,"column":8},"end":{"line":74,"column":11}},"15":{"start":{"line":75,"column":25},"end":{"line":85,"column":9}},"16":{"start":{"line":86,"column":25},"end":{"line":86,"column":60}},"17":{"start":{"line":87,"column":8},"end":{"line":87,"column":34}},"18":{"start":{"line":88,"column":8},"end":{"line":88,"column":78}},"19":{"start":{"line":89,"column":8},"end":{"line":89,"column":28}},"20":{"start":{"line":91,"column":8},"end":{"line":96,"column":9}},"21":{"start":{"line":92,"column":25},"end":{"line":92,"column":49}},"22":{"start":{"line":93,"column":10},"end":{"line":93,"column":45}},"23":{"start":{"line":95,"column":10},"end":{"line":95,"column":17}},"24":{"start":{"line":97,"column":8},"end":{"line":100,"column":10}},"25":{"start":{"line":106,"column":23},"end":{"line":108,"column":18}},"26":{"start":{"line":107,"column":4},"end":{"line":107,"column":24}},"27":{"start":{"line":110,"column":29},"end":{"line":142,"column":27}},"28":{"start":{"line":111,"column":4},"end":{"line":141,"column":6}},"29":{"start":{"line":119,"column":8},"end":{"line":121,"column":9}},"30":{"start":{"line":120,"column":10},"end":{"line":120,"column":17}},"31":{"start":{"line":123,"column":8},"end":{"line":129,"column":9}},"32":{"start":{"line":124,"column":10},"end":{"line":127,"column":12}},"33":{"start":{"line":128,"column":10},"end":{"line":128,"column":17}},"34":{"start":{"line":130,"column":21},"end":{"line":130,"column":35}},"35":{"start":{"line":131,"column":8},"end":{"line":135,"column":11}},"36":{"start":{"line":137,"column":8},"end":{"line":139,"column":11}},"37":{"start":{"line":138,"column":10},"end":{"line":138,"column":36}},"38":{"start":{"line":143,"column":2},"end":{"line":234,"column":4}},"39":{"start":{"line":176,"column":18},"end":{"line":176,"column":49}},"40":{"start":{"line":189,"column":18},"end":{"line":189,"column":52}},"41":{"start":{"line":200,"column":39},"end":{"line":200,"column":75}},"42":{"start":{"line":211,"column":39},"end":{"line":211,"column":79}},"43":{"start":{"line":221,"column":39},"end":{"line":221,"column":68}},"44":{"start":{"line":223,"column":37},"end":{"line":223,"column":66}}},"fnMap":{"0":{"name":"(anonymous_0)","decl":{"start":{"line":39,"column":26},"end":{"line":39,"column":27}},"loc":{"start":{"line":39,"column":32},"end":{"line":235,"column":1}},"line":39},"1":{"name":"(anonymous_1)","decl":{"start":{"line":50,"column":4},"end":{"line":50,"column":5}},"loc":{"start":{"line":50,"column":35},"end":{"line":102,"column":5}},"line":50},"2":{"name":"(anonymous_2)","decl":{"start":{"line":60,"column":16},"end":{"line":60,"column":17}},"loc":{"start":{"line":60,"column":25},"end":{"line":60,"column":37}},"line":60},"3":{"name":"(anonymous_3)","decl":{"start":{"line":66,"column":18},"end":{"line":66,"column":19}},"loc":{"start":{"line":66,"column":27},"end":{"line":66,"column":39}},"line":66},"4":{"name":"(anonymous_4)","decl":{"start":{"line":106,"column":35},"end":{"line":106,"column":36}},"loc":{"start":{"line":106,"column":41},"end":{"line":108,"column":3}},"line":106},"5":{"name":"(anonymous_5)","decl":{"start":{"line":110,"column":41},"end":{"line":110,"column":42}},"loc":{"start":{"line":110,"column":47},"end":{"line":142,"column":3}},"line":110},"6":{"name":"(anonymous_6)","decl":{"start":{"line":118,"column":6},"end":{"line":118,"column":7}},"loc":{"start":{"line":118,"column":20},"end":{"line":140,"column":7}},"line":118},"7":{"name":"(anonymous_7)","decl":{"start":{"line":137,"column":46},"end":{"line":137,"column":47}},"loc":{"start":{"line":137,"column":60},"end":{"line":139,"column":9}},"line":137},"8":{"name":"(anonymous_8)","decl":{"start":{"line":175,"column":33},"end":{"line":175,"column":34}},"loc":{"start":{"line":175,"column":39},"end":{"line":177,"column":17}},"line":175},"9":{"name":"(anonymous_9)","decl":{"start":{"line":188,"column":33},"end":{"line":188,"column":34}},"loc":{"start":{"line":188,"column":39},"end":{"line":190,"column":17}},"line":188},"10":{"name":"(anonymous_10)","decl":{"start":{"line":200,"column":33},"end":{"line":200,"column":34}},"loc":{"start":{"line":200,"column":39},"end":{"line":200,"column":75}},"line":200},"11":{"name":"(anonymous_11)","decl":{"start":{"line":211,"column":33},"end":{"line":211,"column":34}},"loc":{"start":{"line":211,"column":39},"end":{"line":211,"column":79}},"line":211},"12":{"name":"(anonymous_12)","decl":{"start":{"line":221,"column":33},"end":{"line":221,"column":34}},"loc":{"start":{"line":221,"column":39},"end":{"line":221,"column":68}},"line":221},"13":{"name":"(anonymous_13)","decl":{"start":{"line":223,"column":31},"end":{"line":223,"column":32}},"loc":{"start":{"line":223,"column":37},"end":{"line":223,"column":66}},"line":223}},"branchMap":{"0":{"loc":{"start":{"line":78,"column":14},"end":{"line":84,"column":16}},"type":"cond-expr","locations":[{"start":{"line":79,"column":14},"end":{"line":83,"column":15}},{"start":{"line":84,"column":14},"end":{"line":84,"column":16}}],"line":78},"1":{"loc":{"start":{"line":91,"column":8},"end":{"line":96,"column":9}},"type":"if","locations":[{"start":{"line":91,"column":8},"end":{"line":96,"column":9}},{"start":{"line":91,"column":8},"end":{"line":96,"column":9}}],"line":91},"2":{"loc":{"start":{"line":119,"column":8},"end":{"line":121,"column":9}},"type":"if","locations":[{"start":{"line":119,"column":8},"end":{"line":121,"column":9}},{"start":{"line":119,"column":8},"end":{"line":121,"column":9}}],"line":119},"3":{"loc":{"start":{"line":123,"column":8},"end":{"line":129,"column":9}},"type":"if","locations":[{"start":{"line":123,"column":8},"end":{"line":129,"column":9}},{"start":{"line":123,"column":8},"end":{"line":129,"column":9}}],"line":123},"4":{"loc":{"start":{"line":146,"column":18},"end":{"line":146,"column":63}},"type":"cond-expr","locations":[{"start":{"line":146,"column":42},"end":{"line":146,"column":51}},{"start":{"line":146,"column":54},"end":{"line":146,"column":63}}],"line":146}},"s":{"0":0,"1":0,"2":0,"3":0,"4":0,"5":0,"6":0,"7":0,"8":0,"9":0,"10":0,"11":0,"12":0,"13":0,"14":0,"15":0,"16":0,"17":0,"18":0,"19":0,"20":0,"21":0,"22":0,"23":0,"24":0,"25":0,"26":0,"27":0,"28":0,"29":0,"30":0,"31":0,"32":0,"33":0,"34":0,"35":0,"36":0,"37":0,"38":0,"39":0,"40":0,"41":0,"42":0,"43":0,"44":0},"f":{"0":0,"1":0,"2":0,"3":0,"4":0,"5":0,"6":0,"7":0,"8":0,"9":0,"10":0,"11":0,"12":0,"13":0},"b":{"0":[0,0],"1":[0,0],"2":[0,0],"3":[0,0],"4":[0,0]}}
,"/home/trindaniel/Documents/Gobarber/mobile/src/pages/SignIn/index.tsx": {"path":"/home/trindaniel/Documents/Gobarber/mobile/src/pages/SignIn/index.tsx","statementMap":{"0":{"start":{"line":41,"column":25},"end":{"line":129,"column":1}},"1":{"start":{"line":42,"column":21},"end":{"line":42,"column":36}},"2":{"start":{"line":43,"column":18},"end":{"line":43,"column":43}},"3":{"start":{"line":44,"column":27},"end":{"line":44,"column":50}},"4":{"start":{"line":45,"column":21},"end":{"line":45,"column":30}},"5":{"start":{"line":47,"column":23},"end":{"line":72,"column":8}},"6":{"start":{"line":48,"column":4},"end":{"line":71,"column":5}},"7":{"start":{"line":49,"column":6},"end":{"line":49,"column":37}},"8":{"start":{"line":50,"column":21},"end":{"line":55,"column":8}},"9":{"start":{"line":56,"column":6},"end":{"line":58,"column":9}},"10":{"start":{"line":59,"column":6},"end":{"line":62,"column":9}},"11":{"start":{"line":65,"column":6},"end":{"line":69,"column":7}},"12":{"start":{"line":66,"column":23},"end":{"line":66,"column":47}},"13":{"start":{"line":67,"column":8},"end":{"line":67,"column":43}},"14":{"start":{"line":68,"column":8},"end":{"line":68,"column":15}},"15":{"start":{"line":70,"column":6},"end":{"line":70,"column":66}},"16":{"start":{"line":73,"column":2},"end":{"line":128,"column":4}},"17":{"start":{"line":99,"column":18},"end":{"line":99,"column":52}},"18":{"start":{"line":109,"column":39},"end":{"line":109,"column":68}},"19":{"start":{"line":111,"column":37},"end":{"line":111,"column":66}},"20":{"start":{"line":116,"column":49},"end":{"line":116,"column":69}},"21":{"start":{"line":123,"column":42},"end":{"line":123,"column":71}}},"fnMap":{"0":{"name":"(anonymous_0)","decl":{"start":{"line":41,"column":25},"end":{"line":41,"column":26}},"loc":{"start":{"line":41,"column":31},"end":{"line":129,"column":1}},"line":41},"1":{"name":"(anonymous_1)","decl":{"start":{"line":47,"column":35},"end":{"line":47,"column":36}},"loc":{"start":{"line":47,"column":67},"end":{"line":72,"column":3}},"line":47},"2":{"name":"(anonymous_2)","decl":{"start":{"line":98,"column":33},"end":{"line":98,"column":34}},"loc":{"start":{"line":98,"column":39},"end":{"line":100,"column":17}},"line":98},"3":{"name":"(anonymous_3)","decl":{"start":{"line":109,"column":33},"end":{"line":109,"column":34}},"loc":{"start":{"line":109,"column":39},"end":{"line":109,"column":68}},"line":109},"4":{"name":"(anonymous_4)","decl":{"start":{"line":111,"column":31},"end":{"line":111,"column":32}},"loc":{"start":{"line":111,"column":37},"end":{"line":111,"column":66}},"line":111},"5":{"name":"(anonymous_5)","decl":{"start":{"line":116,"column":43},"end":{"line":116,"column":44}},"loc":{"start":{"line":116,"column":49},"end":{"line":116,"column":69}},"line":116},"6":{"name":"(anonymous_6)","decl":{"start":{"line":123,"column":36},"end":{"line":123,"column":37}},"loc":{"start":{"line":123,"column":42},"end":{"line":123,"column":71}},"line":123}},"branchMap":{"0":{"loc":{"start":{"line":65,"column":6},"end":{"line":69,"column":7}},"type":"if","locations":[{"start":{"line":65,"column":6},"end":{"line":69,"column":7}},{"start":{"line":65,"column":6},"end":{"line":69,"column":7}}],"line":65},"1":{"loc":{"start":{"line":76,"column":18},"end":{"line":76,"column":63}},"type":"cond-expr","locations":[{"start":{"line":76,"column":42},"end":{"line":76,"column":51}},{"start":{"line":76,"column":54},"end":{"line":76,"column":63}}],"line":76}},"s":{"0":1,"1":1,"2":1,"3":1,"4":1,"5":1,"6":0,"7":0,"8":0,"9":0,"10":0,"11":0,"12":0,"13":0,"14":0,"15":0,"16":1,"17":0,"18":0,"19":0,"20":0,"21":0},"f":{"0":1,"1":0,"2":0,"3":0,"4":0,"5":0,"6":0},"b":{"0":[0,0],"1":[1,0]},"_coverageSchema":"1a1c01bbd47fc00a2c39e90264f33305004495a9","hash":"ddfd5060cb44d5273cde7241fb9389b9fde89a31"}
,"/home/trindaniel/Documents/Gobarber/mobile/src/pages/SignUp/index.tsx": {"path":"/home/trindaniel/Documents/Gobarber/mobile/src/pages/SignUp/index.tsx","statementMap":{"0":{"start":{"line":32,"column":25},"end":{"line":134,"column":1}},"1":{"start":{"line":33,"column":21},"end":{"line":33,"column":36}},"2":{"start":{"line":34,"column":18},"end":{"line":34,"column":43}},"3":{"start":{"line":36,"column":24},"end":{"line":36,"column":47}},"4":{"start":{"line":37,"column":27},"end":{"line":37,"column":50}},"5":{"start":{"line":38,"column":23},"end":{"line":70,"column":3}},"6":{"start":{"line":40,"column":6},"end":{"line":67,"column":7}},"7":{"start":{"line":41,"column":8},"end":{"line":41,"column":39}},"8":{"start":{"line":42,"column":23},"end":{"line":51,"column":10}},"9":{"start":{"line":52,"column":8},"end":{"line":54,"column":11}},"10":{"start":{"line":55,"column":8},"end":{"line":55,"column":26}},"11":{"start":{"line":56,"column":8},"end":{"line":56,"column":39}},"12":{"start":{"line":57,"column":8},"end":{"line":57,"column":77}},"13":{"start":{"line":58,"column":8},"end":{"line":58,"column":28}},"14":{"start":{"line":60,"column":8},"end":{"line":65,"column":9}},"15":{"start":{"line":61,"column":25},"end":{"line":61,"column":49}},"16":{"start":{"line":62,"column":10},"end":{"line":62,"column":45}},"17":{"start":{"line":64,"column":10},"end":{"line":64,"column":17}},"18":{"start":{"line":66,"column":8},"end":{"line":66,"column":79}},"19":{"start":{"line":71,"column":2},"end":{"line":133,"column":4}},"20":{"start":{"line":95,"column":18},"end":{"line":95,"column":49}},"21":{"start":{"line":108,"column":18},"end":{"line":108,"column":52}},"22":{"start":{"line":119,"column":39},"end":{"line":119,"column":68}},"23":{"start":{"line":121,"column":37},"end":{"line":121,"column":66}},"24":{"start":{"line":128,"column":35},"end":{"line":128,"column":54}}},"fnMap":{"0":{"name":"(anonymous_0)","decl":{"start":{"line":32,"column":25},"end":{"line":32,"column":26}},"loc":{"start":{"line":32,"column":31},"end":{"line":134,"column":1}},"line":32},"1":{"name":"(anonymous_1)","decl":{"start":{"line":39,"column":4},"end":{"line":39,"column":5}},"loc":{"start":{"line":39,"column":36},"end":{"line":68,"column":5}},"line":39},"2":{"name":"(anonymous_2)","decl":{"start":{"line":94,"column":33},"end":{"line":94,"column":34}},"loc":{"start":{"line":94,"column":39},"end":{"line":96,"column":17}},"line":94},"3":{"name":"(anonymous_3)","decl":{"start":{"line":107,"column":33},"end":{"line":107,"column":34}},"loc":{"start":{"line":107,"column":39},"end":{"line":109,"column":17}},"line":107},"4":{"name":"(anonymous_4)","decl":{"start":{"line":119,"column":33},"end":{"line":119,"column":34}},"loc":{"start":{"line":119,"column":39},"end":{"line":119,"column":68}},"line":119},"5":{"name":"(anonymous_5)","decl":{"start":{"line":121,"column":31},"end":{"line":121,"column":32}},"loc":{"start":{"line":121,"column":37},"end":{"line":121,"column":66}},"line":121},"6":{"name":"(anonymous_6)","decl":{"start":{"line":128,"column":29},"end":{"line":128,"column":30}},"loc":{"start":{"line":128,"column":35},"end":{"line":128,"column":54}},"line":128}},"branchMap":{"0":{"loc":{"start":{"line":60,"column":8},"end":{"line":65,"column":9}},"type":"if","locations":[{"start":{"line":60,"column":8},"end":{"line":65,"column":9}},{"start":{"line":60,"column":8},"end":{"line":65,"column":9}}],"line":60},"1":{"loc":{"start":{"line":74,"column":18},"end":{"line":74,"column":63}},"type":"cond-expr","locations":[{"start":{"line":74,"column":42},"end":{"line":74,"column":51}},{"start":{"line":74,"column":54},"end":{"line":74,"column":63}}],"line":74}},"s":{"0":0,"1":0,"2":0,"3":0,"4":0,"5":0,"6":0,"7":0,"8":0,"9":0,"10":0,"11":0,"12":0,"13":0,"14":0,"15":0,"16":0,"17":0,"18":0,"19":0,"20":0,"21":0,"22":0,"23":0,"24":0},"f":{"0":0,"1":0,"2":0,"3":0,"4":0,"5":0,"6":0},"b":{"0":[0,0],"1":[0,0]}}
}
