TN:
SF:src/components/Button/index.tsx
FN:9,(anonymous_0)
FNF:1
FNH:1
FNDA:1,(anonymous_0)
DA:9,1
DA:10,1
LF:2
LH:2
BRF:0
BRH:0
end_of_record
TN:
SF:src/components/Input/index.tsx
FN:24,(anonymous_0)
FN:33,(anonymous_1)
FN:34,(anonymous_2)
FN:39,(anonymous_3)
FN:44,(anonymous_4)
FN:48,(anonymous_5)
FN:55,(anonymous_6)
FN:59,(anonymous_7)
FN:75,(anonymous_8)
FNF:9
FNH:3
FNDA:2,(anonymous_0)
FNDA:1,(anonymous_1)
FNDA:0,(anonymous_2)
FNDA:2,(anonymous_3)
FNDA:0,(anonymous_4)
FNDA:0,(anonymous_5)
FNDA:0,(anonymous_6)
FNDA:0,(anonymous_7)
FNDA:0,(anonymous_8)
DA:24,1
DA:28,2
DA:29,2
DA:30,2
DA:31,2
DA:32,2
DA:33,2
DA:35,0
DA:39,2
DA:40,2
DA:45,0
DA:46,0
DA:49,0
DA:50,0
DA:55,2
DA:56,0
DA:59,2
DA:60,0
DA:61,0
DA:63,2
DA:76,0
LF:21
LH:12
BRDA:25,0,0,2
BRDA:31,1,0,2
BRDA:68,2,0,0
BRDA:68,2,1,2
BRDA:68,3,0,2
BRDA:68,3,1,2
BRF:6
BRH:5
end_of_record
TN:
SF:src/hooks/auth.tsx
FN:35,(anonymous_0)
FN:39,(anonymous_1)
FN:40,loadStorageData
FN:54,(anonymous_3)
FN:68,(anonymous_4)
FN:73,(anonymous_5)
FN:91,useAuth
FNF:7
FNH:1
FNDA:0,(anonymous_0)
FNDA:0,(anonymous_1)
FNDA:0,loadStorageData
FNDA:0,(anonymous_3)
FNDA:0,(anonymous_4)
FNDA:0,(anonymous_5)
FNDA:1,useAuth
DA:34,1
DA:35,1
DA:36,0
DA:37,0
DA:39,0
DA:41,0
DA:45,0
DA:46,0
DA:47,0
DA:49,0
DA:51,0
DA:54,0
DA:55,0
DA:59,0
DA:60,0
DA:64,0
DA:65,0
DA:68,0
DA:69,0
DA:70,0
DA:72,0
DA:74,0
DA:75,0
DA:82,0
DA:92,1
DA:93,1
DA:94,0
DA:96,1
LF:28
LH:5
BRDA:45,0,0,0
BRDA:45,0,1,0
BRDA:45,1,0,0
BRDA:45,1,1,0
BRDA:93,2,0,0
BRDA:93,2,1,1
BRF:6
BRH:1
end_of_record
TN:
SF:src/pages/AppointmentCreated/index.tsx
FN:17,(anonymous_0)
FN:21,(anonymous_1)
FN:30,(anonymous_2)
FNF:3
FNH:0
FNDA:0,(anonymous_0)
FNDA:0,(anonymous_1)
FNDA:0,(anonymous_2)
DA:17,0
DA:18,0
DA:19,0
DA:20,0
DA:21,0
DA:22,0
DA:30,0
DA:31,0
DA:40,0
LF:9
LH:0
BRF:0
BRH:0
end_of_record
TN:
SF:src/pages/CreateAppointment/index.tsx
FN:50,(anonymous_0)
FN:55,(anonymous_1)
FN:66,(anonymous_2)
FN:70,(anonymous_3)
FN:71,(anonymous_4)
FN:74,(anonymous_5)
FN:82,(anonymous_6)
FN:91,(anonymous_7)
FN:94,(anonymous_8)
FN:95,(anonymous_9)
FN:100,(anonymous_10)
FN:102,(anonymous_11)
FN:103,(anonymous_12)
FN:112,(anonymous_13)
FN:114,(anonymous_14)
FN:115,(anonymous_15)
FN:124,(anonymous_16)
FN:128,(anonymous_17)
FN:162,(anonymous_18)
FN:163,(anonymous_19)
FN:165,(anonymous_20)
FN:196,(anonymous_21)
FN:203,(anonymous_22)
FN:219,(anonymous_23)
FN:226,(anonymous_24)
FNF:25
FNH:0
FNDA:0,(anonymous_0)
FNDA:0,(anonymous_1)
FNDA:0,(anonymous_2)
FNDA:0,(anonymous_3)
FNDA:0,(anonymous_4)
FNDA:0,(anonymous_5)
FNDA:0,(anonymous_6)
FNDA:0,(anonymous_7)
FNDA:0,(anonymous_8)
FNDA:0,(anonymous_9)
FNDA:0,(anonymous_10)
FNDA:0,(anonymous_11)
FNDA:0,(anonymous_12)
FNDA:0,(anonymous_13)
FNDA:0,(anonymous_14)
FNDA:0,(anonymous_15)
FNDA:0,(anonymous_16)
FNDA:0,(anonymous_17)
FNDA:0,(anonymous_18)
FNDA:0,(anonymous_19)
FNDA:0,(anonymous_20)
FNDA:0,(anonymous_21)
FNDA:0,(anonymous_22)
FNDA:0,(anonymous_23)
FNDA:0,(anonymous_24)
DA:50,0
DA:51,0
DA:52,0
DA:53,0
DA:54,0
DA:55,0
DA:56,0
DA:58,0
DA:59,0
DA:60,0
DA:61,0
DA:62,0
DA:63,0
DA:66,0
DA:67,0
DA:70,0
DA:71,0
DA:74,0
DA:75,0
DA:76,0
DA:78,0
DA:79,0
DA:82,0
DA:83,0
DA:91,0
DA:94,0
DA:95,0
DA:96,0
DA:100,0
DA:101,0
DA:102,0
DA:104,0
DA:112,0
DA:113,0
DA:114,0
DA:116,0
DA:124,0
DA:125,0
DA:128,0
DA:129,0
DA:130,0
DA:131,0
DA:132,0
DA:134,0
DA:139,0
DA:141,0
DA:148,0
DA:162,0
DA:164,0
DA:165,0
DA:197,0
DA:204,0
DA:220,0
DA:227,0
LF:54
LH:0
BRDA:75,0,0,0
BRDA:75,0,1,0
BRDA:78,1,0,0
BRDA:78,1,1,0
BRDA:181,2,0,0
BRDA:181,2,1,0
BRF:6
BRH:0
end_of_record
TN:
SF:src/pages/Dashboard/index.tsx
FN:30,(anonymous_0)
FN:35,(anonymous_1)
FN:40,(anonymous_2)
FN:46,(anonymous_3)
FN:47,(anonymous_4)
FN:66,(anonymous_5)
FN:67,(anonymous_6)
FN:69,(anonymous_7)
FNF:8
FNH:0
FNDA:0,(anonymous_0)
FNDA:0,(anonymous_1)
FNDA:0,(anonymous_2)
FNDA:0,(anonymous_3)
FNDA:0,(anonymous_4)
FNDA:0,(anonymous_5)
FNDA:0,(anonymous_6)
FNDA:0,(anonymous_7)
DA:30,0
DA:31,0
DA:32,0
DA:33,0
DA:35,0
DA:36,0
DA:39,0
DA:41,0
DA:46,0
DA:47,0
DA:50,0
DA:66,0
DA:68,0
DA:69,0
LF:14
LH:0
BRF:0
BRH:0
end_of_record
TN:
SF:src/pages/Profile/index.tsx
FN:39,(anonymous_0)
FN:50,(anonymous_1)
FN:60,(anonymous_2)
FN:66,(anonymous_3)
FN:106,(anonymous_4)
FN:110,(anonymous_5)
FN:118,(anonymous_6)
FN:137,(anonymous_7)
FN:175,(anonymous_8)
FN:188,(anonymous_9)
FN:200,(anonymous_10)
FN:211,(anonymous_11)
FN:221,(anonymous_12)
FN:223,(anonymous_13)
FNF:14
FNH:0
FNDA:0,(anonymous_0)
FNDA:0,(anonymous_1)
FNDA:0,(anonymous_2)
FNDA:0,(anonymous_3)
FNDA:0,(anonymous_4)
FNDA:0,(anonymous_5)
FNDA:0,(anonymous_6)
FNDA:0,(anonymous_7)
FNDA:0,(anonymous_8)
FNDA:0,(anonymous_9)
FNDA:0,(anonymous_10)
FNDA:0,(anonymous_11)
FNDA:0,(anonymous_12)
FNDA:0,(anonymous_13)
DA:39,0
DA:40,0
DA:41,0
DA:43,0
DA:45,0
DA:46,0
DA:47,0
DA:48,0
DA:49,0
DA:51,0
DA:52,0
DA:53,0
DA:60,0
DA:66,0
DA:72,0
DA:75,0
DA:86,0
DA:87,0
DA:88,0
DA:89,0
DA:91,0
DA:92,0
DA:93,0
DA:95,0
DA:97,0
DA:106,0
DA:107,0
DA:110,0
DA:111,0
DA:119,0
DA:120,0
DA:123,0
DA:124,0
DA:128,0
DA:130,0
DA:131,0
DA:137,0
DA:138,0
DA:143,0
DA:176,0
DA:189,0
DA:200,0
DA:211,0
DA:221,0
DA:223,0
LF:45
LH:0
BRDA:78,0,0,0
BRDA:78,0,1,0
BRDA:91,1,0,0
BRDA:91,1,1,0
BRDA:119,2,0,0
BRDA:119,2,1,0
BRDA:123,3,0,0
BRDA:123,3,1,0
BRDA:146,4,0,0
BRDA:146,4,1,0
BRF:10
BRH:0
end_of_record
TN:
SF:src/pages/SignIn/index.tsx
FN:41,(anonymous_0)
FN:47,(anonymous_1)
FN:98,(anonymous_2)
FN:109,(anonymous_3)
FN:111,(anonymous_4)
FN:116,(anonymous_5)
FN:123,(anonymous_6)
FNF:7
FNH:1
FNDA:1,(anonymous_0)
FNDA:0,(anonymous_1)
FNDA:0,(anonymous_2)
FNDA:0,(anonymous_3)
FNDA:0,(anonymous_4)
FNDA:0,(anonymous_5)
FNDA:0,(anonymous_6)
DA:41,1
DA:42,1
DA:43,1
DA:44,1
DA:45,1
DA:47,1
DA:48,0
DA:49,0
DA:50,0
DA:56,0
DA:59,0
DA:65,0
DA:66,0
DA:67,0
DA:68,0
DA:70,0
DA:73,1
DA:99,0
DA:109,0
DA:111,0
DA:116,0
DA:123,0
LF:22
LH:7
BRDA:65,0,0,0
BRDA:65,0,1,0
BRDA:76,1,0,1
BRDA:76,1,1,0
BRF:4
BRH:1
end_of_record
TN:
SF:src/pages/SignUp/index.tsx
FN:32,(anonymous_0)
FN:39,(anonymous_1)
FN:94,(anonymous_2)
FN:107,(anonymous_3)
FN:119,(anonymous_4)
FN:121,(anonymous_5)
FN:128,(anonymous_6)
FNF:7
FNH:0
FNDA:0,(anonymous_0)
FNDA:0,(anonymous_1)
FNDA:0,(anonymous_2)
FNDA:0,(anonymous_3)
FNDA:0,(anonymous_4)
FNDA:0,(anonymous_5)
FNDA:0,(anonymous_6)
DA:32,0
DA:33,0
DA:34,0
DA:36,0
DA:37,0
DA:38,0
DA:40,0
DA:41,0
DA:42,0
DA:52,0
DA:55,0
DA:56,0
DA:57,0
DA:58,0
DA:60,0
DA:61,0
DA:62,0
DA:64,0
DA:66,0
DA:71,0
DA:95,0
DA:108,0
DA:119,0
DA:121,0
DA:128,0
LF:25
LH:0
BRDA:60,0,0,0
BRDA:60,0,1,0
BRDA:74,1,0,0
BRDA:74,1,1,0
BRF:4
BRH:0
end_of_record
